[2024-10-01T00:33:29.952+0000] {processor.py:157} INFO - Started process (PID=457) to work on /opt/airflow/dags/generate_data.py
[2024-10-01T00:33:29.953+0000] {processor.py:829} INFO - Processing file /opt/airflow/dags/generate_data.py for tasks to queue
[2024-10-01T00:33:29.953+0000] {logging_mixin.py:151} INFO - [2024-10-01T00:33:29.953+0000] {dagbag.py:539} INFO - Filling up the DagBag from /opt/airflow/dags/generate_data.py
[2024-10-01T00:33:29.969+0000] {processor.py:839} INFO - DAG(s) dict_keys(['generate_data']) retrieved from /opt/airflow/dags/generate_data.py
[2024-10-01T00:33:30.106+0000] {logging_mixin.py:151} INFO - [2024-10-01T00:33:30.106+0000] {manager.py:499} INFO - Created Permission View: %s
[2024-10-01T00:33:30.112+0000] {logging_mixin.py:151} INFO - [2024-10-01T00:33:30.112+0000] {manager.py:499} INFO - Created Permission View: %s
[2024-10-01T00:33:30.115+0000] {logging_mixin.py:151} INFO - [2024-10-01T00:33:30.115+0000] {manager.py:499} INFO - Created Permission View: %s
[2024-10-01T00:33:30.115+0000] {logging_mixin.py:151} INFO - [2024-10-01T00:33:30.115+0000] {security.py:708} INFO - Not syncing DAG-level permissions for DAG 'DAG:generate_data' as access control is unset.
[2024-10-01T00:33:30.115+0000] {logging_mixin.py:151} INFO - [2024-10-01T00:33:30.115+0000] {dag.py:2915} INFO - Sync 1 DAGs
[2024-10-01T00:33:30.123+0000] {logging_mixin.py:151} INFO - [2024-10-01T00:33:30.123+0000] {dag.py:2937} INFO - Creating ORM DAG for generate_data
[2024-10-01T00:33:30.130+0000] {logging_mixin.py:151} INFO - [2024-10-01T00:33:30.130+0000] {dag.py:3696} INFO - Setting next_dagrun for generate_data to 2024-10-02T00:00:00+00:00, run_after=2024-10-03T00:00:00+00:00
[2024-10-01T00:33:30.139+0000] {processor.py:179} INFO - Processing /opt/airflow/dags/generate_data.py took 0.188 seconds
[2024-10-01T00:34:00.247+0000] {processor.py:157} INFO - Started process (PID=469) to work on /opt/airflow/dags/generate_data.py
[2024-10-01T00:34:00.247+0000] {processor.py:829} INFO - Processing file /opt/airflow/dags/generate_data.py for tasks to queue
[2024-10-01T00:34:00.248+0000] {logging_mixin.py:151} INFO - [2024-10-01T00:34:00.247+0000] {dagbag.py:539} INFO - Filling up the DagBag from /opt/airflow/dags/generate_data.py
[2024-10-01T00:34:00.256+0000] {processor.py:839} INFO - DAG(s) dict_keys(['generate_data']) retrieved from /opt/airflow/dags/generate_data.py
[2024-10-01T00:34:00.329+0000] {logging_mixin.py:151} INFO - [2024-10-01T00:34:00.329+0000] {security.py:708} INFO - Not syncing DAG-level permissions for DAG 'DAG:generate_data' as access control is unset.
[2024-10-01T00:34:00.329+0000] {logging_mixin.py:151} INFO - [2024-10-01T00:34:00.329+0000] {dag.py:2915} INFO - Sync 1 DAGs
[2024-10-01T00:34:00.343+0000] {logging_mixin.py:151} INFO - [2024-10-01T00:34:00.342+0000] {dag.py:3696} INFO - Setting next_dagrun for generate_data to 2024-10-02T00:00:00+00:00, run_after=2024-10-03T00:00:00+00:00
[2024-10-01T00:34:00.354+0000] {processor.py:179} INFO - Processing /opt/airflow/dags/generate_data.py took 0.110 seconds
[2024-10-01T00:34:30.454+0000] {processor.py:157} INFO - Started process (PID=481) to work on /opt/airflow/dags/generate_data.py
[2024-10-01T00:34:30.455+0000] {processor.py:829} INFO - Processing file /opt/airflow/dags/generate_data.py for tasks to queue
[2024-10-01T00:34:30.456+0000] {logging_mixin.py:151} INFO - [2024-10-01T00:34:30.456+0000] {dagbag.py:539} INFO - Filling up the DagBag from /opt/airflow/dags/generate_data.py
[2024-10-01T00:34:30.465+0000] {processor.py:839} INFO - DAG(s) dict_keys(['generate_data']) retrieved from /opt/airflow/dags/generate_data.py
[2024-10-01T00:34:30.540+0000] {logging_mixin.py:151} INFO - [2024-10-01T00:34:30.540+0000] {security.py:708} INFO - Not syncing DAG-level permissions for DAG 'DAG:generate_data' as access control is unset.
[2024-10-01T00:34:30.541+0000] {logging_mixin.py:151} INFO - [2024-10-01T00:34:30.541+0000] {dag.py:2915} INFO - Sync 1 DAGs
[2024-10-01T00:34:30.555+0000] {logging_mixin.py:151} INFO - [2024-10-01T00:34:30.555+0000] {dag.py:3696} INFO - Setting next_dagrun for generate_data to 2024-10-02T00:00:00+00:00, run_after=2024-10-03T00:00:00+00:00
[2024-10-01T00:34:30.566+0000] {processor.py:179} INFO - Processing /opt/airflow/dags/generate_data.py took 0.115 seconds
[2024-10-01T00:35:00.667+0000] {processor.py:157} INFO - Started process (PID=493) to work on /opt/airflow/dags/generate_data.py
[2024-10-01T00:35:00.668+0000] {processor.py:829} INFO - Processing file /opt/airflow/dags/generate_data.py for tasks to queue
[2024-10-01T00:35:00.668+0000] {logging_mixin.py:151} INFO - [2024-10-01T00:35:00.668+0000] {dagbag.py:539} INFO - Filling up the DagBag from /opt/airflow/dags/generate_data.py
[2024-10-01T00:35:00.678+0000] {processor.py:839} INFO - DAG(s) dict_keys(['generate_data']) retrieved from /opt/airflow/dags/generate_data.py
[2024-10-01T00:35:00.752+0000] {logging_mixin.py:151} INFO - [2024-10-01T00:35:00.752+0000] {security.py:708} INFO - Not syncing DAG-level permissions for DAG 'DAG:generate_data' as access control is unset.
[2024-10-01T00:35:00.753+0000] {logging_mixin.py:151} INFO - [2024-10-01T00:35:00.753+0000] {dag.py:2915} INFO - Sync 1 DAGs
[2024-10-01T00:35:00.766+0000] {logging_mixin.py:151} INFO - [2024-10-01T00:35:00.766+0000] {dag.py:3696} INFO - Setting next_dagrun for generate_data to 2024-10-02T00:00:00+00:00, run_after=2024-10-03T00:00:00+00:00
[2024-10-01T00:35:00.777+0000] {processor.py:179} INFO - Processing /opt/airflow/dags/generate_data.py took 0.113 seconds
[2024-10-01T00:35:30.881+0000] {processor.py:157} INFO - Started process (PID=505) to work on /opt/airflow/dags/generate_data.py
[2024-10-01T00:35:30.881+0000] {processor.py:829} INFO - Processing file /opt/airflow/dags/generate_data.py for tasks to queue
[2024-10-01T00:35:30.882+0000] {logging_mixin.py:151} INFO - [2024-10-01T00:35:30.882+0000] {dagbag.py:539} INFO - Filling up the DagBag from /opt/airflow/dags/generate_data.py
[2024-10-01T00:35:30.890+0000] {processor.py:839} INFO - DAG(s) dict_keys(['generate_data']) retrieved from /opt/airflow/dags/generate_data.py
[2024-10-01T00:35:30.961+0000] {logging_mixin.py:151} INFO - [2024-10-01T00:35:30.961+0000] {security.py:708} INFO - Not syncing DAG-level permissions for DAG 'DAG:generate_data' as access control is unset.
[2024-10-01T00:35:30.962+0000] {logging_mixin.py:151} INFO - [2024-10-01T00:35:30.962+0000] {dag.py:2915} INFO - Sync 1 DAGs
[2024-10-01T00:35:30.976+0000] {logging_mixin.py:151} INFO - [2024-10-01T00:35:30.975+0000] {dag.py:3696} INFO - Setting next_dagrun for generate_data to 2024-10-02T00:00:00+00:00, run_after=2024-10-03T00:00:00+00:00
[2024-10-01T00:35:30.988+0000] {processor.py:179} INFO - Processing /opt/airflow/dags/generate_data.py took 0.109 seconds
[2024-10-01T00:36:01.088+0000] {processor.py:157} INFO - Started process (PID=517) to work on /opt/airflow/dags/generate_data.py
[2024-10-01T00:36:01.090+0000] {processor.py:829} INFO - Processing file /opt/airflow/dags/generate_data.py for tasks to queue
[2024-10-01T00:36:01.090+0000] {logging_mixin.py:151} INFO - [2024-10-01T00:36:01.090+0000] {dagbag.py:539} INFO - Filling up the DagBag from /opt/airflow/dags/generate_data.py
[2024-10-01T00:36:01.099+0000] {processor.py:839} INFO - DAG(s) dict_keys(['generate_data']) retrieved from /opt/airflow/dags/generate_data.py
[2024-10-01T00:36:01.174+0000] {logging_mixin.py:151} INFO - [2024-10-01T00:36:01.173+0000] {security.py:708} INFO - Not syncing DAG-level permissions for DAG 'DAG:generate_data' as access control is unset.
[2024-10-01T00:36:01.174+0000] {logging_mixin.py:151} INFO - [2024-10-01T00:36:01.174+0000] {dag.py:2915} INFO - Sync 1 DAGs
[2024-10-01T00:36:01.188+0000] {logging_mixin.py:151} INFO - [2024-10-01T00:36:01.188+0000] {dag.py:3696} INFO - Setting next_dagrun for generate_data to 2024-10-02T00:00:00+00:00, run_after=2024-10-03T00:00:00+00:00
[2024-10-01T00:36:01.199+0000] {processor.py:179} INFO - Processing /opt/airflow/dags/generate_data.py took 0.113 seconds
[2024-10-01T00:36:31.304+0000] {processor.py:157} INFO - Started process (PID=529) to work on /opt/airflow/dags/generate_data.py
[2024-10-01T00:36:31.305+0000] {processor.py:829} INFO - Processing file /opt/airflow/dags/generate_data.py for tasks to queue
[2024-10-01T00:36:31.306+0000] {logging_mixin.py:151} INFO - [2024-10-01T00:36:31.305+0000] {dagbag.py:539} INFO - Filling up the DagBag from /opt/airflow/dags/generate_data.py
[2024-10-01T00:36:31.314+0000] {processor.py:839} INFO - DAG(s) dict_keys(['generate_data']) retrieved from /opt/airflow/dags/generate_data.py
[2024-10-01T00:36:31.385+0000] {logging_mixin.py:151} INFO - [2024-10-01T00:36:31.385+0000] {security.py:708} INFO - Not syncing DAG-level permissions for DAG 'DAG:generate_data' as access control is unset.
[2024-10-01T00:36:31.385+0000] {logging_mixin.py:151} INFO - [2024-10-01T00:36:31.385+0000] {dag.py:2915} INFO - Sync 1 DAGs
[2024-10-01T00:36:31.399+0000] {logging_mixin.py:151} INFO - [2024-10-01T00:36:31.399+0000] {dag.py:3696} INFO - Setting next_dagrun for generate_data to 2024-10-02T00:00:00+00:00, run_after=2024-10-03T00:00:00+00:00
[2024-10-01T00:36:31.409+0000] {processor.py:179} INFO - Processing /opt/airflow/dags/generate_data.py took 0.108 seconds
[2024-10-01T00:37:01.516+0000] {processor.py:157} INFO - Started process (PID=541) to work on /opt/airflow/dags/generate_data.py
[2024-10-01T00:37:01.517+0000] {processor.py:829} INFO - Processing file /opt/airflow/dags/generate_data.py for tasks to queue
[2024-10-01T00:37:01.518+0000] {logging_mixin.py:151} INFO - [2024-10-01T00:37:01.517+0000] {dagbag.py:539} INFO - Filling up the DagBag from /opt/airflow/dags/generate_data.py
[2024-10-01T00:37:01.527+0000] {processor.py:839} INFO - DAG(s) dict_keys(['generate_data']) retrieved from /opt/airflow/dags/generate_data.py
[2024-10-01T00:37:01.601+0000] {logging_mixin.py:151} INFO - [2024-10-01T00:37:01.600+0000] {security.py:708} INFO - Not syncing DAG-level permissions for DAG 'DAG:generate_data' as access control is unset.
[2024-10-01T00:37:01.601+0000] {logging_mixin.py:151} INFO - [2024-10-01T00:37:01.601+0000] {dag.py:2915} INFO - Sync 1 DAGs
[2024-10-01T00:37:01.615+0000] {logging_mixin.py:151} INFO - [2024-10-01T00:37:01.615+0000] {dag.py:3696} INFO - Setting next_dagrun for generate_data to 2024-10-02T00:00:00+00:00, run_after=2024-10-03T00:00:00+00:00
[2024-10-01T00:37:01.627+0000] {processor.py:179} INFO - Processing /opt/airflow/dags/generate_data.py took 0.113 seconds
[2024-10-01T00:37:31.725+0000] {processor.py:157} INFO - Started process (PID=553) to work on /opt/airflow/dags/generate_data.py
[2024-10-01T00:37:31.726+0000] {processor.py:829} INFO - Processing file /opt/airflow/dags/generate_data.py for tasks to queue
[2024-10-01T00:37:31.726+0000] {logging_mixin.py:151} INFO - [2024-10-01T00:37:31.726+0000] {dagbag.py:539} INFO - Filling up the DagBag from /opt/airflow/dags/generate_data.py
[2024-10-01T00:37:31.735+0000] {processor.py:839} INFO - DAG(s) dict_keys(['generate_data']) retrieved from /opt/airflow/dags/generate_data.py
[2024-10-01T00:37:31.805+0000] {logging_mixin.py:151} INFO - [2024-10-01T00:37:31.805+0000] {security.py:708} INFO - Not syncing DAG-level permissions for DAG 'DAG:generate_data' as access control is unset.
[2024-10-01T00:37:31.805+0000] {logging_mixin.py:151} INFO - [2024-10-01T00:37:31.805+0000] {dag.py:2915} INFO - Sync 1 DAGs
[2024-10-01T00:37:31.819+0000] {logging_mixin.py:151} INFO - [2024-10-01T00:37:31.819+0000] {dag.py:3696} INFO - Setting next_dagrun for generate_data to 2024-10-02T00:00:00+00:00, run_after=2024-10-03T00:00:00+00:00
[2024-10-01T00:37:31.829+0000] {processor.py:179} INFO - Processing /opt/airflow/dags/generate_data.py took 0.106 seconds
[2024-10-01T00:37:52.803+0000] {processor.py:157} INFO - Started process (PID=558) to work on /opt/airflow/dags/generate_data.py
[2024-10-01T00:37:52.804+0000] {processor.py:829} INFO - Processing file /opt/airflow/dags/generate_data.py for tasks to queue
[2024-10-01T00:37:52.804+0000] {logging_mixin.py:151} INFO - [2024-10-01T00:37:52.804+0000] {dagbag.py:539} INFO - Filling up the DagBag from /opt/airflow/dags/generate_data.py
[2024-10-01T00:37:52.814+0000] {processor.py:839} INFO - DAG(s) dict_keys(['generate_data']) retrieved from /opt/airflow/dags/generate_data.py
[2024-10-01T00:37:52.823+0000] {logging_mixin.py:151} INFO - [2024-10-01T00:37:52.823+0000] {dag.py:2915} INFO - Sync 1 DAGs
[2024-10-01T00:37:52.838+0000] {logging_mixin.py:151} INFO - [2024-10-01T00:37:52.838+0000] {dag.py:3696} INFO - Setting next_dagrun for generate_data to 2024-10-02T00:00:00+00:00, run_after=2024-10-03T00:00:00+00:00
[2024-10-01T00:37:52.848+0000] {processor.py:179} INFO - Processing /opt/airflow/dags/generate_data.py took 0.048 seconds
[2024-10-01T00:38:22.917+0000] {processor.py:157} INFO - Started process (PID=570) to work on /opt/airflow/dags/generate_data.py
[2024-10-01T00:38:22.918+0000] {processor.py:829} INFO - Processing file /opt/airflow/dags/generate_data.py for tasks to queue
[2024-10-01T00:38:22.918+0000] {logging_mixin.py:151} INFO - [2024-10-01T00:38:22.918+0000] {dagbag.py:539} INFO - Filling up the DagBag from /opt/airflow/dags/generate_data.py
[2024-10-01T00:38:22.928+0000] {processor.py:839} INFO - DAG(s) dict_keys(['generate_data']) retrieved from /opt/airflow/dags/generate_data.py
[2024-10-01T00:38:23.002+0000] {logging_mixin.py:151} INFO - [2024-10-01T00:38:23.002+0000] {security.py:708} INFO - Not syncing DAG-level permissions for DAG 'DAG:generate_data' as access control is unset.
[2024-10-01T00:38:23.002+0000] {logging_mixin.py:151} INFO - [2024-10-01T00:38:23.002+0000] {dag.py:2915} INFO - Sync 1 DAGs
[2024-10-01T00:38:23.018+0000] {logging_mixin.py:151} INFO - [2024-10-01T00:38:23.018+0000] {dag.py:3696} INFO - Setting next_dagrun for generate_data to 2024-10-02T00:00:00+00:00, run_after=2024-10-03T00:00:00+00:00
[2024-10-01T00:38:23.032+0000] {processor.py:179} INFO - Processing /opt/airflow/dags/generate_data.py took 0.117 seconds
[2024-10-01T00:38:53.051+0000] {processor.py:157} INFO - Started process (PID=582) to work on /opt/airflow/dags/generate_data.py
[2024-10-01T00:38:53.052+0000] {processor.py:829} INFO - Processing file /opt/airflow/dags/generate_data.py for tasks to queue
[2024-10-01T00:38:53.053+0000] {logging_mixin.py:151} INFO - [2024-10-01T00:38:53.053+0000] {dagbag.py:539} INFO - Filling up the DagBag from /opt/airflow/dags/generate_data.py
[2024-10-01T00:38:53.062+0000] {processor.py:839} INFO - DAG(s) dict_keys(['generate_data']) retrieved from /opt/airflow/dags/generate_data.py
[2024-10-01T00:38:53.135+0000] {logging_mixin.py:151} INFO - [2024-10-01T00:38:53.135+0000] {security.py:708} INFO - Not syncing DAG-level permissions for DAG 'DAG:generate_data' as access control is unset.
[2024-10-01T00:38:53.135+0000] {logging_mixin.py:151} INFO - [2024-10-01T00:38:53.135+0000] {dag.py:2915} INFO - Sync 1 DAGs
[2024-10-01T00:38:53.151+0000] {logging_mixin.py:151} INFO - [2024-10-01T00:38:53.151+0000] {dag.py:3696} INFO - Setting next_dagrun for generate_data to 2024-10-02T00:00:00+00:00, run_after=2024-10-03T00:00:00+00:00
[2024-10-01T00:38:53.162+0000] {processor.py:179} INFO - Processing /opt/airflow/dags/generate_data.py took 0.114 seconds
[2024-10-01T00:39:23.246+0000] {processor.py:157} INFO - Started process (PID=594) to work on /opt/airflow/dags/generate_data.py
[2024-10-01T00:39:23.247+0000] {processor.py:829} INFO - Processing file /opt/airflow/dags/generate_data.py for tasks to queue
[2024-10-01T00:39:23.248+0000] {logging_mixin.py:151} INFO - [2024-10-01T00:39:23.247+0000] {dagbag.py:539} INFO - Filling up the DagBag from /opt/airflow/dags/generate_data.py
[2024-10-01T00:39:23.256+0000] {processor.py:839} INFO - DAG(s) dict_keys(['generate_data']) retrieved from /opt/airflow/dags/generate_data.py
[2024-10-01T00:39:23.326+0000] {logging_mixin.py:151} INFO - [2024-10-01T00:39:23.325+0000] {security.py:708} INFO - Not syncing DAG-level permissions for DAG 'DAG:generate_data' as access control is unset.
[2024-10-01T00:39:23.326+0000] {logging_mixin.py:151} INFO - [2024-10-01T00:39:23.326+0000] {dag.py:2915} INFO - Sync 1 DAGs
[2024-10-01T00:39:23.340+0000] {logging_mixin.py:151} INFO - [2024-10-01T00:39:23.340+0000] {dag.py:3696} INFO - Setting next_dagrun for generate_data to 2024-10-02T00:00:00+00:00, run_after=2024-10-03T00:00:00+00:00
[2024-10-01T00:39:23.350+0000] {processor.py:179} INFO - Processing /opt/airflow/dags/generate_data.py took 0.107 seconds
[2024-10-01T00:39:53.454+0000] {processor.py:157} INFO - Started process (PID=606) to work on /opt/airflow/dags/generate_data.py
[2024-10-01T00:39:53.455+0000] {processor.py:829} INFO - Processing file /opt/airflow/dags/generate_data.py for tasks to queue
[2024-10-01T00:39:53.455+0000] {logging_mixin.py:151} INFO - [2024-10-01T00:39:53.455+0000] {dagbag.py:539} INFO - Filling up the DagBag from /opt/airflow/dags/generate_data.py
[2024-10-01T00:39:53.464+0000] {processor.py:839} INFO - DAG(s) dict_keys(['generate_data']) retrieved from /opt/airflow/dags/generate_data.py
[2024-10-01T00:39:53.536+0000] {logging_mixin.py:151} INFO - [2024-10-01T00:39:53.535+0000] {security.py:708} INFO - Not syncing DAG-level permissions for DAG 'DAG:generate_data' as access control is unset.
[2024-10-01T00:39:53.536+0000] {logging_mixin.py:151} INFO - [2024-10-01T00:39:53.536+0000] {dag.py:2915} INFO - Sync 1 DAGs
[2024-10-01T00:39:53.549+0000] {logging_mixin.py:151} INFO - [2024-10-01T00:39:53.549+0000] {dag.py:3696} INFO - Setting next_dagrun for generate_data to 2024-10-02T00:00:00+00:00, run_after=2024-10-03T00:00:00+00:00
[2024-10-01T00:39:53.559+0000] {processor.py:179} INFO - Processing /opt/airflow/dags/generate_data.py took 0.108 seconds
