[2024-10-01T00:13:29.562+0000] {manager.py:487} INFO - Processing files using up to 2 processes at a time 
[2024-10-01T00:13:29.562+0000] {manager.py:488} INFO - Process each file at most once every 30 seconds
[2024-10-01T00:13:29.563+0000] {manager.py:489} INFO - Checking for new files in /opt/airflow/dags every 300 seconds
[2024-10-01T00:13:29.563+0000] {manager.py:759} INFO - Searching for files in /opt/airflow/dags
[2024-10-01T00:13:29.563+0000] {manager.py:762} INFO - There are 0 files in /opt/airflow/dags
[2024-10-01T00:18:29.716+0000] {manager.py:759} INFO - Searching for files in /opt/airflow/dags
[2024-10-01T00:18:29.717+0000] {manager.py:762} INFO - There are 0 files in /opt/airflow/dags
[2024-10-01T00:23:29.791+0000] {manager.py:759} INFO - Searching for files in /opt/airflow/dags
[2024-10-01T00:23:29.792+0000] {manager.py:762} INFO - There are 0 files in /opt/airflow/dags
[2024-10-01T00:28:29.876+0000] {manager.py:759} INFO - Searching for files in /opt/airflow/dags
[2024-10-01T00:28:29.877+0000] {manager.py:762} INFO - There are 0 files in /opt/airflow/dags
[2024-10-01T00:33:29.930+0000] {manager.py:759} INFO - Searching for files in /opt/airflow/dags
[2024-10-01T00:33:29.930+0000] {manager.py:762} INFO - There are 1 files in /opt/airflow/dags
[2024-10-01T00:33:33.966+0000] {manager.py:893} INFO - 
================================================================================
DAG File Processing Stats

File Path                           PID    Runtime      # DAGs    # Errors  Last Runtime    Last Run
----------------------------------  -----  ---------  --------  ----------  --------------  -------------------
/opt/airflow/dags/generate_data.py                           1           0  0.21s           2024-10-01T00:33:30
================================================================================
[2024-10-01T00:34:04.256+0000] {manager.py:893} INFO - 
================================================================================
DAG File Processing Stats

File Path                           PID    Runtime      # DAGs    # Errors  Last Runtime    Last Run
----------------------------------  -----  ---------  --------  ----------  --------------  -------------------
/opt/airflow/dags/generate_data.py                           1           0  0.13s           2024-10-01T00:34:00
================================================================================
[2024-10-01T00:34:34.464+0000] {manager.py:893} INFO - 
================================================================================
DAG File Processing Stats

File Path                           PID    Runtime      # DAGs    # Errors  Last Runtime    Last Run
----------------------------------  -----  ---------  --------  ----------  --------------  -------------------
/opt/airflow/dags/generate_data.py                           1           0  0.13s           2024-10-01T00:34:30
================================================================================
[2024-10-01T00:35:04.675+0000] {manager.py:893} INFO - 
================================================================================
DAG File Processing Stats

File Path                           PID    Runtime      # DAGs    # Errors  Last Runtime    Last Run
----------------------------------  -----  ---------  --------  ----------  --------------  -------------------
/opt/airflow/dags/generate_data.py                           1           0  0.13s           2024-10-01T00:35:00
================================================================================
[2024-10-01T00:35:34.893+0000] {manager.py:893} INFO - 
================================================================================
DAG File Processing Stats

File Path                           PID    Runtime      # DAGs    # Errors  Last Runtime    Last Run
----------------------------------  -----  ---------  --------  ----------  --------------  -------------------
/opt/airflow/dags/generate_data.py                           1           0  0.12s           2024-10-01T00:35:30
================================================================================
[2024-10-01T00:36:05.097+0000] {manager.py:893} INFO - 
================================================================================
DAG File Processing Stats

File Path                           PID    Runtime      # DAGs    # Errors  Last Runtime    Last Run
----------------------------------  -----  ---------  --------  ----------  --------------  -------------------
/opt/airflow/dags/generate_data.py                           1           0  0.13s           2024-10-01T00:36:01
================================================================================
[2024-10-01T00:36:35.316+0000] {manager.py:893} INFO - 
================================================================================
DAG File Processing Stats

File Path                           PID    Runtime      # DAGs    # Errors  Last Runtime    Last Run
----------------------------------  -----  ---------  --------  ----------  --------------  -------------------
/opt/airflow/dags/generate_data.py                           1           0  0.12s           2024-10-01T00:36:31
================================================================================
[2024-10-01T00:37:05.524+0000] {manager.py:893} INFO - 
================================================================================
DAG File Processing Stats

File Path                           PID    Runtime      # DAGs    # Errors  Last Runtime    Last Run
----------------------------------  -----  ---------  --------  ----------  --------------  -------------------
/opt/airflow/dags/generate_data.py                           1           0  0.13s           2024-10-01T00:37:01
================================================================================
[2024-10-01T00:37:35.735+0000] {manager.py:893} INFO - 
================================================================================
DAG File Processing Stats

File Path                           PID    Runtime      # DAGs    # Errors  Last Runtime    Last Run
----------------------------------  -----  ---------  --------  ----------  --------------  -------------------
/opt/airflow/dags/generate_data.py                           1           0  0.12s           2024-10-01T00:37:31
================================================================================
[2024-10-01T00:38:05.843+0000] {manager.py:893} INFO - 
================================================================================
DAG File Processing Stats

File Path                           PID    Runtime      # DAGs    # Errors  Last Runtime    Last Run
----------------------------------  -----  ---------  --------  ----------  --------------  -------------------
/opt/airflow/dags/generate_data.py                           1           0  0.06s           2024-10-01T00:37:52
================================================================================
[2024-10-01T00:38:29.957+0000] {manager.py:759} INFO - Searching for files in /opt/airflow/dags
[2024-10-01T00:38:29.958+0000] {manager.py:762} INFO - There are 1 files in /opt/airflow/dags
[2024-10-01T00:38:35.980+0000] {manager.py:893} INFO - 
================================================================================
DAG File Processing Stats

File Path                           PID    Runtime      # DAGs    # Errors  Last Runtime    Last Run
----------------------------------  -----  ---------  --------  ----------  --------------  -------------------
/opt/airflow/dags/generate_data.py                           1           0  0.13s           2024-10-01T00:38:23
================================================================================
[2024-10-01T00:39:06.175+0000] {manager.py:893} INFO - 
================================================================================
DAG File Processing Stats

File Path                           PID    Runtime      # DAGs    # Errors  Last Runtime    Last Run
----------------------------------  -----  ---------  --------  ----------  --------------  -------------------
/opt/airflow/dags/generate_data.py                           1           0  0.13s           2024-10-01T00:38:53
================================================================================
[2024-10-01T00:39:36.297+0000] {manager.py:893} INFO - 
================================================================================
DAG File Processing Stats

File Path                           PID    Runtime      # DAGs    # Errors  Last Runtime    Last Run
----------------------------------  -----  ---------  --------  ----------  --------------  -------------------
/opt/airflow/dags/generate_data.py                           1           0  0.12s           2024-10-01T00:39:23
================================================================================
[2024-10-01T00:40:06.496+0000] {manager.py:893} INFO - 
================================================================================
DAG File Processing Stats

File Path                           PID    Runtime      # DAGs    # Errors  Last Runtime    Last Run
----------------------------------  -----  ---------  --------  ----------  --------------  -------------------
/opt/airflow/dags/generate_data.py                           1           0  0.12s           2024-10-01T00:39:53
================================================================================
